<?xml version="1.0" encoding="UTF-8"?>
<!-- Generated by org.testng.reporters.JUnitXMLReporter -->
<testsuite hostname="vamsikrishna" ignored="0" name="Command line test" tests="10" failures="0" timestamp="10 Mar 2019 12:09:41 GMT" time="491.485" errors="0">
  <testcase name="testCase10" time="36.603" classname="test.EdmodoAdminPageTest"/>
  <testcase name="testCase1" time="6.82" classname="test.EdmodoHomePageTest"/>
  <testcase name="testCase2" time="9.458" classname="test.EdmodoHomePageTest"/>
  <testcase name="testCase4" time="7.884" classname="test.EdmodoHomePageTest"/>
  <testcase name="testCase6" time="7.06" classname="test.EdmodoHomePageTest"/>
  <testcase name="testCase8" time="6.403" classname="test.EdmodoHomePageTest"/>
  <testcase name="testCase3" time="21.393" classname="test.EdmodoLoginPageTest"/>
  <testcase name="testCase5" time="15.732" classname="test.EdmodoLoginPageTest"/>
  <testcase name="testcase7" time="18.393" classname="test.EdmodoLoginPageTest"/>
  <testcase name="testcase9" time="17.903" classname="test.EdmodoLoginPageTest"/>
</testsuite> <!-- Command line test -->
