<?xml version="1.0" encoding="UTF-8"?>
<testng-results skipped="0" failed="0" ignored="0" total="10" passed="10">
  <reporter-output>
  </reporter-output>
  <suite name="Command line suite" duration-ms="491485" started-at="2019-03-10T12:01:29Z" finished-at="2019-03-10T12:09:40Z">
    <groups>
      <group name="login">
        <method signature="EdmodoLoginPageTest.testCase3()[pri:0, instance:test.EdmodoLoginPageTest@531be3c5]" name="testCase3" class="test.EdmodoLoginPageTest"/>
        <method signature="EdmodoLoginPageTest.testCase5()[pri:0, instance:test.EdmodoLoginPageTest@531be3c5]" name="testCase5" class="test.EdmodoLoginPageTest"/>
        <method signature="EdmodoLoginPageTest.testcase7()[pri:0, instance:test.EdmodoLoginPageTest@531be3c5]" name="testcase7" class="test.EdmodoLoginPageTest"/>
        <method signature="EdmodoLoginPageTest.testcase9()[pri:0, instance:test.EdmodoLoginPageTest@531be3c5]" name="testcase9" class="test.EdmodoLoginPageTest"/>
      </group> <!-- login -->
      <group name="home">
        <method signature="EdmodoHomePageTest.testCase1()[pri:0, instance:test.EdmodoHomePageTest@3551a94]" name="testCase1" class="test.EdmodoHomePageTest"/>
        <method signature="EdmodoHomePageTest.testCase2()[pri:0, instance:test.EdmodoHomePageTest@3551a94]" name="testCase2" class="test.EdmodoHomePageTest"/>
        <method signature="EdmodoHomePageTest.testCase4()[pri:0, instance:test.EdmodoHomePageTest@3551a94]" name="testCase4" class="test.EdmodoHomePageTest"/>
        <method signature="EdmodoHomePageTest.testCase6()[pri:0, instance:test.EdmodoHomePageTest@3551a94]" name="testCase6" class="test.EdmodoHomePageTest"/>
        <method signature="EdmodoHomePageTest.testCase8()[pri:0, instance:test.EdmodoHomePageTest@3551a94]" name="testCase8" class="test.EdmodoHomePageTest"/>
      </group> <!-- home -->
    </groups>
    <test name="Command line test" duration-ms="491485" started-at="2019-03-10T12:01:29Z" finished-at="2019-03-10T12:09:40Z">
      <class name="test.EdmodoHomePageTest">
        <test-method status="PASS" signature="open()[pri:0, instance:test.EdmodoHomePageTest@3551a94]" name="open" is-config="true" duration-ms="60890" started-at="2019-03-10T12:03:25Z" finished-at="2019-03-10T12:04:26Z">
          <reporter-output>
          </reporter-output>
        </test-method> <!-- open -->
        <test-method status="PASS" signature="testCase1()[pri:0, instance:test.EdmodoHomePageTest@3551a94]" name="testCase1" duration-ms="6820" started-at="2019-03-10T12:04:26Z" finished-at="2019-03-10T12:04:33Z">
          <reporter-output>
          </reporter-output>
        </test-method> <!-- testCase1 -->
        <test-method status="PASS" signature="close()[pri:0, instance:test.EdmodoHomePageTest@3551a94]" name="close" is-config="true" duration-ms="37" started-at="2019-03-10T12:04:33Z" finished-at="2019-03-10T12:04:33Z">
          <reporter-output>
          </reporter-output>
        </test-method> <!-- close -->
        <test-method status="PASS" signature="open()[pri:0, instance:test.EdmodoHomePageTest@3551a94]" name="open" is-config="true" duration-ms="25571" started-at="2019-03-10T12:04:33Z" finished-at="2019-03-10T12:04:59Z">
          <reporter-output>
          </reporter-output>
        </test-method> <!-- open -->
        <test-method status="PASS" signature="testCase2()[pri:0, instance:test.EdmodoHomePageTest@3551a94]" name="testCase2" duration-ms="9458" started-at="2019-03-10T12:04:59Z" finished-at="2019-03-10T12:05:08Z">
          <reporter-output>
          </reporter-output>
        </test-method> <!-- testCase2 -->
        <test-method status="PASS" signature="close()[pri:0, instance:test.EdmodoHomePageTest@3551a94]" name="close" is-config="true" duration-ms="32" started-at="2019-03-10T12:05:08Z" finished-at="2019-03-10T12:05:08Z">
          <reporter-output>
          </reporter-output>
        </test-method> <!-- close -->
        <test-method status="PASS" signature="open()[pri:0, instance:test.EdmodoHomePageTest@3551a94]" name="open" is-config="true" duration-ms="23611" started-at="2019-03-10T12:05:08Z" finished-at="2019-03-10T12:05:32Z">
          <reporter-output>
          </reporter-output>
        </test-method> <!-- open -->
        <test-method status="PASS" signature="testCase4()[pri:0, instance:test.EdmodoHomePageTest@3551a94]" name="testCase4" duration-ms="7884" started-at="2019-03-10T12:05:32Z" finished-at="2019-03-10T12:05:40Z">
          <reporter-output>
          </reporter-output>
        </test-method> <!-- testCase4 -->
        <test-method status="PASS" signature="close()[pri:0, instance:test.EdmodoHomePageTest@3551a94]" name="close" is-config="true" duration-ms="50" started-at="2019-03-10T12:05:40Z" finished-at="2019-03-10T12:05:40Z">
          <reporter-output>
          </reporter-output>
        </test-method> <!-- close -->
        <test-method status="PASS" signature="open()[pri:0, instance:test.EdmodoHomePageTest@3551a94]" name="open" is-config="true" duration-ms="25901" started-at="2019-03-10T12:05:40Z" finished-at="2019-03-10T12:06:06Z">
          <reporter-output>
          </reporter-output>
        </test-method> <!-- open -->
        <test-method status="PASS" signature="testCase6()[pri:0, instance:test.EdmodoHomePageTest@3551a94]" name="testCase6" duration-ms="7060" started-at="2019-03-10T12:06:06Z" finished-at="2019-03-10T12:06:13Z">
          <reporter-output>
          </reporter-output>
        </test-method> <!-- testCase6 -->
        <test-method status="PASS" signature="close()[pri:0, instance:test.EdmodoHomePageTest@3551a94]" name="close" is-config="true" duration-ms="41" started-at="2019-03-10T12:06:13Z" finished-at="2019-03-10T12:06:13Z">
          <reporter-output>
          </reporter-output>
        </test-method> <!-- close -->
        <test-method status="PASS" signature="open()[pri:0, instance:test.EdmodoHomePageTest@3551a94]" name="open" is-config="true" duration-ms="24092" started-at="2019-03-10T12:06:13Z" finished-at="2019-03-10T12:06:37Z">
          <reporter-output>
          </reporter-output>
        </test-method> <!-- open -->
        <test-method status="PASS" signature="testCase8()[pri:0, instance:test.EdmodoHomePageTest@3551a94]" name="testCase8" duration-ms="6403" started-at="2019-03-10T12:06:37Z" finished-at="2019-03-10T12:06:43Z">
          <reporter-output>
          </reporter-output>
        </test-method> <!-- testCase8 -->
        <test-method status="PASS" signature="close()[pri:0, instance:test.EdmodoHomePageTest@3551a94]" name="close" is-config="true" duration-ms="44" started-at="2019-03-10T12:06:43Z" finished-at="2019-03-10T12:06:43Z">
          <reporter-output>
          </reporter-output>
        </test-method> <!-- close -->
      </class> <!-- test.EdmodoHomePageTest -->
      <class name="test.EdmodoAdminPageTest">
        <test-method status="PASS" signature="open()[pri:0, instance:test.EdmodoAdminPageTest@5a61f5df]" name="open" is-config="true" duration-ms="79018" started-at="2019-03-10T12:01:29Z" finished-at="2019-03-10T12:02:48Z">
          <reporter-output>
          </reporter-output>
        </test-method> <!-- open -->
        <test-method status="PASS" signature="testCase10()[pri:0, instance:test.EdmodoAdminPageTest@5a61f5df]" name="testCase10" duration-ms="36603" started-at="2019-03-10T12:02:48Z" finished-at="2019-03-10T12:03:25Z">
          <reporter-output>
          </reporter-output>
        </test-method> <!-- testCase10 -->
        <test-method status="PASS" signature="close()[pri:0, instance:test.EdmodoAdminPageTest@5a61f5df]" name="close" is-config="true" duration-ms="30" started-at="2019-03-10T12:03:25Z" finished-at="2019-03-10T12:03:25Z">
          <reporter-output>
          </reporter-output>
        </test-method> <!-- close -->
      </class> <!-- test.EdmodoAdminPageTest -->
      <class name="test.EdmodoLoginPageTest">
        <test-method status="PASS" signature="open()[pri:0, instance:test.EdmodoLoginPageTest@531be3c5]" name="open" is-config="true" duration-ms="20755" started-at="2019-03-10T12:06:43Z" finished-at="2019-03-10T12:07:04Z">
          <reporter-output>
          </reporter-output>
        </test-method> <!-- open -->
        <test-method status="PASS" signature="testCase3()[pri:0, instance:test.EdmodoLoginPageTest@531be3c5]" name="testCase3" duration-ms="21393" started-at="2019-03-10T12:07:04Z" finished-at="2019-03-10T12:07:25Z">
          <reporter-output>
          </reporter-output>
        </test-method> <!-- testCase3 -->
        <test-method status="PASS" signature="close()[pri:0, instance:test.EdmodoLoginPageTest@531be3c5]" name="close" is-config="true" duration-ms="37" started-at="2019-03-10T12:07:25Z" finished-at="2019-03-10T12:07:25Z">
          <reporter-output>
          </reporter-output>
        </test-method> <!-- close -->
        <test-method status="PASS" signature="open()[pri:0, instance:test.EdmodoLoginPageTest@531be3c5]" name="open" is-config="true" duration-ms="23468" started-at="2019-03-10T12:07:25Z" finished-at="2019-03-10T12:07:49Z">
          <reporter-output>
          </reporter-output>
        </test-method> <!-- open -->
        <test-method status="PASS" signature="testCase5()[pri:0, instance:test.EdmodoLoginPageTest@531be3c5]" name="testCase5" duration-ms="15732" started-at="2019-03-10T12:07:49Z" finished-at="2019-03-10T12:08:05Z">
          <reporter-output>
          </reporter-output>
        </test-method> <!-- testCase5 -->
        <test-method status="PASS" signature="close()[pri:0, instance:test.EdmodoLoginPageTest@531be3c5]" name="close" is-config="true" duration-ms="40" started-at="2019-03-10T12:08:05Z" finished-at="2019-03-10T12:08:05Z">
          <reporter-output>
          </reporter-output>
        </test-method> <!-- close -->
        <test-method status="PASS" signature="open()[pri:0, instance:test.EdmodoLoginPageTest@531be3c5]" name="open" is-config="true" duration-ms="24502" started-at="2019-03-10T12:08:05Z" finished-at="2019-03-10T12:08:29Z">
          <reporter-output>
          </reporter-output>
        </test-method> <!-- open -->
        <test-method status="PASS" signature="testcase7()[pri:0, instance:test.EdmodoLoginPageTest@531be3c5]" name="testcase7" duration-ms="18393" started-at="2019-03-10T12:08:29Z" finished-at="2019-03-10T12:08:48Z">
          <reporter-output>
          </reporter-output>
        </test-method> <!-- testcase7 -->
        <test-method status="PASS" signature="close()[pri:0, instance:test.EdmodoLoginPageTest@531be3c5]" name="close" is-config="true" duration-ms="44" started-at="2019-03-10T12:08:48Z" finished-at="2019-03-10T12:08:48Z">
          <reporter-output>
          </reporter-output>
        </test-method> <!-- close -->
        <test-method status="PASS" signature="open()[pri:0, instance:test.EdmodoLoginPageTest@531be3c5]" name="open" is-config="true" duration-ms="34734" started-at="2019-03-10T12:08:48Z" finished-at="2019-03-10T12:09:22Z">
          <reporter-output>
          </reporter-output>
        </test-method> <!-- open -->
        <test-method status="PASS" signature="testcase9()[pri:0, instance:test.EdmodoLoginPageTest@531be3c5]" name="testcase9" duration-ms="17903" started-at="2019-03-10T12:09:22Z" finished-at="2019-03-10T12:09:40Z">
          <reporter-output>
          </reporter-output>
        </test-method> <!-- testcase9 -->
        <test-method status="PASS" signature="close()[pri:0, instance:test.EdmodoLoginPageTest@531be3c5]" name="close" is-config="true" duration-ms="41" started-at="2019-03-10T12:09:40Z" finished-at="2019-03-10T12:09:40Z">
          <reporter-output>
          </reporter-output>
        </test-method> <!-- close -->
      </class> <!-- test.EdmodoLoginPageTest -->
    </test> <!-- Command line test -->
  </suite> <!-- Command line suite -->
</testng-results>
